{"message":"Unauthorized request to path: /","level":"error"}
{"message":"Unauthorized request to path: /","level":"error"}
{"message":"Unauthorized request to path: /favicon.ico","level":"error"}
{"message":"Unauthorized request to path: /","level":"error"}
{"message":"Unauthorized request to path: /bookmarks","level":"error"}
{"message":"Card with id bookmarks not found.","level":"error"}
{"message":"Card with id bookmarks not found.","level":"error"}
{"message":"Bookmark with id of 63a1cf88-2e0e-4087-bd46-d2d924866f7c was created","level":"info"}
{"message":"Bookmark with id 1 deleted","level":"info"}
{"message":"Unauthorized request to path: /bookmarks","level":"error"}
{"message":"Unauthorized request to path: /bookmarks","level":"error"}
{"message":"Unauthorized request to path: /bookmakrs","level":"error"}
{"message":"Unauthorized request to path: /bookmakrs","level":"error"}
{"message":"Bookmark with id of 9d370799-89db-4c2c-bf7d-0d22703dc4fe was created","level":"info"}
{"message":"Unauthorized request to path: /bookmarks","level":"error"}
{"message":"Bookmark with id of 3d7890a7-b13e-4891-95bd-d4a84e1e576a was created","level":"info"}
{"message":"Unauthorized request to path: /bookmarks","level":"error"}
{"message":"Bookmark with id of 538ebddb-ab70-46bc-9f8d-05dd9ddfbeac was created","level":"info"}
{"message":"Unauthorized request to path: /bookmarks","level":"error"}
{"message":"Bookmark with id of 9947c84c-7b4e-412c-a0d7-7f69b74c5456 was created","level":"info"}
{"message":"Bookmark with id 1 deleted","level":"info"}
{"message":"Unauthorized request to path: /bookmarks","level":"error"}
{"message":"Bookmark with id of db7c5506-2cc0-4e62-9b8e-242912649419 was created","level":"info"}
{"message":"Unauthorized request to path: /bookmarks","level":"error"}
{"message":"Bookmark with id of ab7e592f-b4f1-4bb0-a657-11409f9ba55f was created","level":"info"}
{"message":"Bookmark with id 1 deleted","level":"info"}
{"message":"Unauthorized request to path: /bookmarks","level":"error"}
{"message":"Bookmark with id of e00c3208-b449-4f0c-aa2e-e972052088ad was created","level":"info"}
{"message":"Bookmark with id 1 deleted","level":"info"}
